ok never going back to this place again .
tf.Tensor(
[[-0.01373855 -0.06380905 -0.022397   -0.01380842  0.03787958 -0.01728858
  -0.04984848  0.03070578  0.01785841 -0.00213938  0.03100537  0.05337819
   0.01635065]], shape=(1, 13), dtype=float32)   tf.Tensor(
[[-1.1742829e-03  3.6456366e-04  9.5580542e-04 -1.8748096e-03
   1.1099009e-03 -8.4374333e-04 -8.4689888e-04 -7.5563259e-04
  -2.3298321e-04 -2.4836450e-03  8.9735293e-04  9.6630654e-05
  -5.1253987e-04]], shape=(1, 13), dtype=float32)
tf.Tensor(
[[-0.01212599 -0.06419451 -0.02154027 -0.01327425  0.03828948 -0.01839839
  -0.05101558  0.03003872  0.01771642 -0.00573604  0.03143837  0.05347035
   0.01701131]], shape=(1, 13), dtype=float32)
<START> <START> <START> <START> <START> <START> <START> <START> <START> <START> <START> <START> <START> <START> <START> <START> <START> <START> <START> <START> <START> <START> <START> <START> <START>


easter day nothing open , heard about this place figured it would ok .
tf.Tensor(
[[-0.01400337 -0.06197995 -0.0233882  -0.01388471  0.03437385 -0.018876
  -0.04865329  0.0291763   0.01888267 -0.00354818  0.0309726   0.05311999
   0.01897584]], shape=(1, 13), dtype=float32)   tf.Tensor(
[[-0.00263203  0.00464122  0.0008504  -0.00240524 -0.00053461 -0.00144774
  -0.00117907 -0.0014782  -0.00136317 -0.00136754  0.00278727  0.00032165
   0.00075394]], shape=(1, 13), dtype=float32)
tf.Tensor(
[[-0.01113556 -0.06784917 -0.02376638 -0.01517862  0.03559776 -0.01924501
  -0.05061943  0.03052737  0.01723188 -0.00187734  0.03115832  0.05291589
   0.01961091]], shape=(1, 13), dtype=float32)
<START> <START> <START> <START> <START> <START> <START> <START> <START> <START> <START> <START> <START> <START> <START> <START> <START> <START> <START> <START> <START> <START> <START> <START> <START>


the last couple years this place has been going down hill .
tf.Tensor(
[[-0.01526741 -0.06258144 -0.02314518 -0.01439345  0.03771211 -0.01561043
  -0.04960648  0.03040352  0.01862142 -0.0014925   0.03084478  0.05310885
   0.01582321]], shape=(1, 13), dtype=float32)   tf.Tensor(
[[-0.00428335  0.00320967  0.00241292 -0.00135143 -0.0001712  -0.00131089
  -0.00155235 -0.00034451  0.00131532 -0.00444401  0.00099279  0.00019536
  -0.00092446]], shape=(1, 13), dtype=float32)
tf.Tensor(
[[-0.00606166 -0.06147567 -0.02510268 -0.01462851  0.03772028 -0.01506565
  -0.05160844  0.03042978  0.01553986  0.00061489  0.02988537  0.05281509
   0.01506462]], shape=(1, 13), dtype=float32)
<START> <START> <START> <START> <START> <START> <START> <START> <START> <START> <START> <START> <START> <START> <START> <START> <START> <START> <START> <START> <START> <START> <START> <START> <START>


why is the rum gone ?
tf.Tensor(
[[-0.01574445 -0.06306633 -0.02256959 -0.01358969  0.03741122 -0.01616427
  -0.04907787  0.02788902  0.01765808 -0.00269715  0.0300562   0.0532717
   0.01617966]], shape=(1, 13), dtype=float32)   tf.Tensor(
[[ 5.2691961e-04  2.3021596e-05  2.0340404e-03 -5.0482346e-04
   1.9307071e-03 -1.6718130e-03 -2.3564207e-04 -1.5883197e-03
   2.1201011e-03 -3.8763061e-03 -7.2062598e-05  3.2508315e-04
   6.7931367e-04]], shape=(1, 13), dtype=float32)
tf.Tensor(
[[-0.01697418 -0.06306649 -0.02263129 -0.01421309  0.04011201 -0.01670002
  -0.04929244  0.02792377  0.01821586 -0.00814845  0.03003918  0.05302357
   0.01612156]], shape=(1, 13), dtype=float32)
<START> <START> <START> <START> <START> <START> <START> <START> <START> <START> <START> <START> <START> <START> <START> <START> <START> <START> <START> <START> <START> <START> <START> <START> <START>


there was no water .
tf.Tensor(
[[-0.01522599 -0.06335834 -0.02239947 -0.01363412  0.03807785 -0.01668984
  -0.04954673  0.02852558  0.01756621 -0.00204331  0.02978871  0.05333085
   0.01616584]], shape=(1, 13), dtype=float32)   tf.Tensor(
[[ 0.00066613 -0.00010624  0.00212656 -0.00062881  0.00218787 -0.00096304
  -0.00089058 -0.00102339  0.00256761 -0.00275569 -0.00044757  0.00040771
   0.00035166]], shape=(1, 13), dtype=float32)
tf.Tensor(
[[-0.01449664 -0.06346183 -0.01912961 -0.01385234  0.03520589 -0.0181041
  -0.05035789  0.02769867  0.01410293 -0.00022326  0.03010086  0.05300723
   0.01568146]], shape=(1, 13), dtype=float32)
<START> <START> <START> <START> <START> <START> <START> <START> <START> <START> <START> <START> <START> <START> <START> <START> <START> <START> <START> <START> <START> <START> <START> <START> <START>


colorless green ideas sleep furiously .
tf.Tensor(
[[-0.01551209 -0.0631868  -0.02228964 -0.0135323   0.03788121 -0.01651608
  -0.04934723  0.02773651  0.01772279 -0.00232671  0.0299192   0.0534486
   0.01611484]], shape=(1, 13), dtype=float32)   tf.Tensor(
[[ 0.00044009 -0.0003305   0.0018498  -0.00058447  0.00172178 -0.00112524
  -0.00060068 -0.00138122  0.00254114 -0.00366187 -0.0003001   0.00062822
   0.00069137]], shape=(1, 13), dtype=float32)
tf.Tensor(
[[-0.01640007 -0.06261187 -0.02476889 -0.01315571  0.0375502  -0.01542305
  -0.04891974  0.02875636  0.01557927 -0.0034436   0.03001347  0.05358373
   0.01503727]], shape=(1, 13), dtype=float32)
<START> <START> <START> <START> <START> <START> <START> <START> <START> <START> <START> <START> <START> <START> <START> <START> <START> <START> <START> <START> <START> <START> <START> <START> <START>


